{"total": {"lines":{"total":103,"covered":42,"skipped":0,"pct":40.78},"statements":{"total":104,"covered":43,"skipped":0,"pct":41.35},"functions":{"total":28,"covered":13,"skipped":0,"pct":46.43},"branches":{"total":13,"covered":2,"skipped":0,"pct":15.38}}
,"/Users/pbarricelli/workspace/pessoal/snowy-owl/src/main.js": {"lines":{"total":3,"covered":3,"skipped":0,"pct":100},"functions":{"total":1,"covered":1,"skipped":0,"pct":100},"statements":{"total":3,"covered":3,"skipped":0,"pct":100},"branches":{"total":0,"covered":0,"skipped":0,"pct":100}}
,"/Users/pbarricelli/workspace/pessoal/snowy-owl/src/api/config.js": {"lines":{"total":1,"covered":1,"skipped":0,"pct":100},"functions":{"total":0,"covered":0,"skipped":0,"pct":100},"statements":{"total":1,"covered":1,"skipped":0,"pct":100},"branches":{"total":0,"covered":0,"skipped":0,"pct":100}}
,"/Users/pbarricelli/workspace/pessoal/snowy-owl/src/api/request.js": {"lines":{"total":57,"covered":7,"skipped":0,"pct":12.28},"functions":{"total":8,"covered":1,"skipped":0,"pct":12.5},"statements":{"total":57,"covered":7,"skipped":0,"pct":12.28},"branches":{"total":12,"covered":1,"skipped":0,"pct":8.33}}
,"/Users/pbarricelli/workspace/pessoal/snowy-owl/src/components/chart/chart-bar.js": {"lines":{"total":2,"covered":1,"skipped":0,"pct":50},"functions":{"total":1,"covered":0,"skipped":0,"pct":0},"statements":{"total":2,"covered":1,"skipped":0,"pct":50},"branches":{"total":0,"covered":0,"skipped":0,"pct":100}}
,"/Users/pbarricelli/workspace/pessoal/snowy-owl/src/mixins/notifications.js": {"lines":{"total":9,"covered":7,"skipped":0,"pct":77.78},"functions":{"total":6,"covered":4,"skipped":0,"pct":66.67},"statements":{"total":9,"covered":7,"skipped":0,"pct":77.78},"branches":{"total":1,"covered":1,"skipped":0,"pct":100}}
,"/Users/pbarricelli/workspace/pessoal/snowy-owl/src/router/index.js": {"lines":{"total":3,"covered":3,"skipped":0,"pct":100},"functions":{"total":0,"covered":0,"skipped":0,"pct":100},"statements":{"total":3,"covered":3,"skipped":0,"pct":100},"branches":{"total":0,"covered":0,"skipped":0,"pct":100}}
,"/Users/pbarricelli/workspace/pessoal/snowy-owl/src/store/index.js": {"lines":{"total":2,"covered":2,"skipped":0,"pct":100},"functions":{"total":0,"covered":0,"skipped":0,"pct":100},"statements":{"total":2,"covered":2,"skipped":0,"pct":100},"branches":{"total":0,"covered":0,"skipped":0,"pct":100}}
,"/Users/pbarricelli/workspace/pessoal/snowy-owl/src/store/modules/user.js": {"lines":{"total":26,"covered":18,"skipped":0,"pct":69.23},"functions":{"total":12,"covered":7,"skipped":0,"pct":58.33},"statements":{"total":27,"covered":19,"skipped":0,"pct":70.37},"branches":{"total":0,"covered":0,"skipped":0,"pct":100}}
}
