{"/Users/pbarricelli/workspace/pessoal/snowy-owl/src/main.js": {"path":"/Users/pbarricelli/workspace/pessoal/snowy-owl/src/main.js","statementMap":{"0":{"start":{"line":6,"column":0},"end":{"line":6,"column":32}},"1":{"start":{"line":8,"column":0},"end":{"line":12,"column":17}},"2":{"start":{"line":11,"column":15},"end":{"line":11,"column":21}}},"fnMap":{"0":{"name":"(anonymous_0)","decl":{"start":{"line":11,"column":10},"end":{"line":11,"column":11}},"loc":{"start":{"line":11,"column":15},"end":{"line":11,"column":21}},"line":11}},"branchMap":{},"s":{"0":3,"1":3,"2":3},"f":{"0":3},"b":{},"_coverageSchema":"1a1c01bbd47fc00a2c39e90264f33305004495a9","hash":"7297b779273d7003410c082f21402ce95616ee88"}
,"/Users/pbarricelli/workspace/pessoal/snowy-owl/src/api/config.js": {"path":"/Users/pbarricelli/workspace/pessoal/snowy-owl/src/api/config.js","statementMap":{"0":{"start":{"line":3,"column":17},"end":{"line":5,"column":2}}},"fnMap":{},"branchMap":{},"s":{"0":3},"f":{},"b":{},"_coverageSchema":"1a1c01bbd47fc00a2c39e90264f33305004495a9","hash":"ccd34c8a5429986f314d84ccc93682b08df5700e"}
,"/Users/pbarricelli/workspace/pessoal/snowy-owl/src/api/request.js": {"path":"/Users/pbarricelli/workspace/pessoal/snowy-owl/src/api/request.js","statementMap":{"0":{"start":{"line":6,"column":16},"end":{"line":133,"column":1}},"1":{"start":{"line":20,"column":30},"end":{"line":20,"column":63}},"2":{"start":{"line":21,"column":12},"end":{"line":31,"column":13}},"3":{"start":{"line":22,"column":33},"end":{"line":26,"column":18}},"4":{"start":{"line":27,"column":16},"end":{"line":27,"column":37}},"5":{"start":{"line":29,"column":16},"end":{"line":29,"column":68}},"6":{"start":{"line":30,"column":16},"end":{"line":30,"column":39}},"7":{"start":{"line":34,"column":28},"end":{"line":34,"column":111}},"8":{"start":{"line":35,"column":24},"end":{"line":35,"column":55}},"9":{"start":{"line":36,"column":12},"end":{"line":54,"column":13}},"10":{"start":{"line":37,"column":33},"end":{"line":39,"column":18}},"11":{"start":{"line":40,"column":16},"end":{"line":48,"column":17}},"12":{"start":{"line":41,"column":33},"end":{"line":45,"column":21}},"13":{"start":{"line":46,"column":20},"end":{"line":46,"column":39}},"14":{"start":{"line":47,"column":20},"end":{"line":47,"column":72}},"15":{"start":{"line":49,"column":16},"end":{"line":49,"column":50}},"16":{"start":{"line":50,"column":16},"end":{"line":50,"column":45}},"17":{"start":{"line":52,"column":16},"end":{"line":52,"column":68}},"18":{"start":{"line":53,"column":16},"end":{"line":53,"column":39}},"19":{"start":{"line":57,"column":12},"end":{"line":65,"column":13}},"20":{"start":{"line":58,"column":33},"end":{"line":58,"column":67}},"21":{"start":{"line":59,"column":16},"end":{"line":59,"column":72}},"22":{"start":{"line":60,"column":16},"end":{"line":60,"column":70}},"23":{"start":{"line":61,"column":16},"end":{"line":61,"column":37}},"24":{"start":{"line":63,"column":16},"end":{"line":63,"column":68}},"25":{"start":{"line":64,"column":16},"end":{"line":64,"column":35}},"26":{"start":{"line":68,"column":12},"end":{"line":75,"column":13}},"27":{"start":{"line":69,"column":33},"end":{"line":69,"column":67}},"28":{"start":{"line":70,"column":16},"end":{"line":70,"column":64}},"29":{"start":{"line":71,"column":16},"end":{"line":71,"column":45}},"30":{"start":{"line":73,"column":16},"end":{"line":73,"column":68}},"31":{"start":{"line":74,"column":16},"end":{"line":74,"column":39}},"32":{"start":{"line":78,"column":30},"end":{"line":78,"column":54}},"33":{"start":{"line":79,"column":12},"end":{"line":90,"column":13}},"34":{"start":{"line":80,"column":16},"end":{"line":84,"column":19}},"35":{"start":{"line":85,"column":16},"end":{"line":85,"column":33}},"36":{"start":{"line":86,"column":16},"end":{"line":86,"column":58}},"37":{"start":{"line":88,"column":16},"end":{"line":88,"column":68}},"38":{"start":{"line":89,"column":16},"end":{"line":89,"column":39}},"39":{"start":{"line":93,"column":30},"end":{"line":93,"column":43}},"40":{"start":{"line":94,"column":12},"end":{"line":104,"column":13}},"41":{"start":{"line":95,"column":16},"end":{"line":99,"column":19}},"42":{"start":{"line":100,"column":16},"end":{"line":100,"column":57}},"43":{"start":{"line":102,"column":16},"end":{"line":102,"column":68}},"44":{"start":{"line":103,"column":16},"end":{"line":103,"column":39}},"45":{"start":{"line":107,"column":30},"end":{"line":107,"column":54}},"46":{"start":{"line":108,"column":12},"end":{"line":120,"column":13}},"47":{"start":{"line":109,"column":33},"end":{"line":113,"column":18}},"48":{"start":{"line":114,"column":16},"end":{"line":114,"column":37}},"49":{"start":{"line":115,"column":16},"end":{"line":115,"column":61}},"50":{"start":{"line":116,"column":16},"end":{"line":116,"column":36}},"51":{"start":{"line":118,"column":16},"end":{"line":118,"column":68}},"52":{"start":{"line":119,"column":16},"end":{"line":119,"column":39}},"53":{"start":{"line":123,"column":12},"end":{"line":130,"column":13}},"54":{"start":{"line":124,"column":33},"end":{"line":124,"column":125}},"55":{"start":{"line":126,"column":16},"end":{"line":126,"column":37}},"56":{"start":{"line":129,"column":16},"end":{"line":129,"column":39}}},"fnMap":{"0":{"name":"(anonymous_0)","decl":{"start":{"line":19,"column":8},"end":{"line":19,"column":9}},"loc":{"start":{"line":19,"column":33},"end":{"line":32,"column":9}},"line":19},"1":{"name":"(anonymous_1)","decl":{"start":{"line":33,"column":8},"end":{"line":33,"column":9}},"loc":{"start":{"line":33,"column":47},"end":{"line":55,"column":9}},"line":33},"2":{"name":"(anonymous_2)","decl":{"start":{"line":56,"column":8},"end":{"line":56,"column":9}},"loc":{"start":{"line":56,"column":38},"end":{"line":66,"column":9}},"line":56},"3":{"name":"(anonymous_3)","decl":{"start":{"line":67,"column":8},"end":{"line":67,"column":9}},"loc":{"start":{"line":67,"column":36},"end":{"line":76,"column":9}},"line":67},"4":{"name":"(anonymous_4)","decl":{"start":{"line":77,"column":8},"end":{"line":77,"column":9}},"loc":{"start":{"line":77,"column":34},"end":{"line":91,"column":9}},"line":77},"5":{"name":"(anonymous_5)","decl":{"start":{"line":92,"column":8},"end":{"line":92,"column":9}},"loc":{"start":{"line":92,"column":36},"end":{"line":105,"column":9}},"line":92},"6":{"name":"(anonymous_6)","decl":{"start":{"line":106,"column":8},"end":{"line":106,"column":9}},"loc":{"start":{"line":106,"column":42},"end":{"line":121,"column":9}},"line":106},"7":{"name":"(anonymous_7)","decl":{"start":{"line":122,"column":8},"end":{"line":122,"column":9}},"loc":{"start":{"line":122,"column":41},"end":{"line":131,"column":9}},"line":122}},"branchMap":{"0":{"loc":{"start":{"line":20,"column":30},"end":{"line":20,"column":63}},"type":"cond-expr","locations":[{"start":{"line":20,"column":36},"end":{"line":20,"column":55}},{"start":{"line":20,"column":58},"end":{"line":20,"column":63}}],"line":20},"1":{"loc":{"start":{"line":34,"column":28},"end":{"line":34,"column":111}},"type":"cond-expr","locations":[{"start":{"line":34,"column":41},"end":{"line":34,"column":82}},{"start":{"line":34,"column":85},"end":{"line":34,"column":111}}],"line":34},"2":{"loc":{"start":{"line":35,"column":24},"end":{"line":35,"column":55}},"type":"cond-expr","locations":[{"start":{"line":35,"column":33},"end":{"line":35,"column":46}},{"start":{"line":35,"column":49},"end":{"line":35,"column":55}}],"line":35},"3":{"loc":{"start":{"line":40,"column":16},"end":{"line":48,"column":17}},"type":"if","locations":[{"start":{"line":40,"column":16},"end":{"line":48,"column":17}},{"start":{},"end":{}}],"line":40},"4":{"loc":{"start":{"line":50,"column":23},"end":{"line":50,"column":44}},"type":"binary-expr","locations":[{"start":{"line":50,"column":23},"end":{"line":50,"column":36}},{"start":{"line":50,"column":40},"end":{"line":50,"column":44}}],"line":50},"5":{"loc":{"start":{"line":71,"column":23},"end":{"line":71,"column":44}},"type":"binary-expr","locations":[{"start":{"line":71,"column":23},"end":{"line":71,"column":36}},{"start":{"line":71,"column":40},"end":{"line":71,"column":44}}],"line":71}},"s":{"0":3,"1":0,"2":0,"3":0,"4":0,"5":0,"6":0,"7":0,"8":0,"9":0,"10":0,"11":0,"12":0,"13":0,"14":0,"15":0,"16":0,"17":0,"18":0,"19":0,"20":0,"21":0,"22":0,"23":0,"24":0,"25":0,"26":3,"27":3,"28":2,"29":2,"30":1,"31":1,"32":0,"33":0,"34":0,"35":0,"36":0,"37":0,"38":0,"39":0,"40":0,"41":0,"42":0,"43":0,"44":0,"45":0,"46":0,"47":0,"48":0,"49":0,"50":0,"51":0,"52":0,"53":0,"54":0,"55":0,"56":0},"f":{"0":0,"1":0,"2":0,"3":3,"4":0,"5":0,"6":0,"7":0},"b":{"0":[0,0],"1":[0,0],"2":[0,0],"3":[0,0],"4":[0,0],"5":[2,0]},"_coverageSchema":"1a1c01bbd47fc00a2c39e90264f33305004495a9","hash":"25df86978ed358f4130ad22fab8b58482edff40b"}
,"/Users/pbarricelli/workspace/pessoal/snowy-owl/src/components/chart/chart-bar.js": {"path":"/Users/pbarricelli/workspace/pessoal/snowy-owl/src/components/chart/chart-bar.js","statementMap":{"0":{"start":{"line":3,"column":25},"end":{"line":3,"column":31}},"1":{"start":{"line":11,"column":8},"end":{"line":11,"column":55}}},"fnMap":{"0":{"name":"(anonymous_0)","decl":{"start":{"line":10,"column":4},"end":{"line":10,"column":5}},"loc":{"start":{"line":10,"column":14},"end":{"line":12,"column":5}},"line":10}},"branchMap":{},"s":{"0":3,"1":0},"f":{"0":0},"b":{},"_coverageSchema":"1a1c01bbd47fc00a2c39e90264f33305004495a9","hash":"2111d97277fdb52371b6420d4a947075d929e5fa"}
,"/Users/pbarricelli/workspace/pessoal/snowy-owl/src/mixins/notifications.js": {"path":"/Users/pbarricelli/workspace/pessoal/snowy-owl/src/mixins/notifications.js","statementMap":{"0":{"start":{"line":4,"column":17},"end":{"line":4,"column":25}},"1":{"start":{"line":5,"column":20},"end":{"line":11,"column":5}},"2":{"start":{"line":13,"column":22},"end":{"line":18,"column":9}},"3":{"start":{"line":14,"column":27},"end":{"line":14,"column":74}},"4":{"start":{"line":15,"column":27},"end":{"line":15,"column":74}},"5":{"start":{"line":16,"column":25},"end":{"line":16,"column":68}},"6":{"start":{"line":17,"column":24},"end":{"line":17,"column":72}},"7":{"start":{"line":19,"column":8},"end":{"line":19,"column":32}},"8":{"start":{"line":21,"column":4},"end":{"line":21,"column":17}}},"fnMap":{"0":{"name":"(anonymous_0)","decl":{"start":{"line":3,"column":15},"end":{"line":3,"column":16}},"loc":{"start":{"line":3,"column":50},"end":{"line":22,"column":1}},"line":3},"1":{"name":"notify","decl":{"start":{"line":12,"column":13},"end":{"line":12,"column":19}},"loc":{"start":{"line":12,"column":27},"end":{"line":20,"column":5}},"line":12},"2":{"name":"(anonymous_2)","decl":{"start":{"line":14,"column":21},"end":{"line":14,"column":22}},"loc":{"start":{"line":14,"column":27},"end":{"line":14,"column":74}},"line":14},"3":{"name":"(anonymous_3)","decl":{"start":{"line":15,"column":21},"end":{"line":15,"column":22}},"loc":{"start":{"line":15,"column":27},"end":{"line":15,"column":74}},"line":15},"4":{"name":"(anonymous_4)","decl":{"start":{"line":16,"column":19},"end":{"line":16,"column":20}},"loc":{"start":{"line":16,"column":25},"end":{"line":16,"column":68}},"line":16},"5":{"name":"(anonymous_5)","decl":{"start":{"line":17,"column":18},"end":{"line":17,"column":19}},"loc":{"start":{"line":17,"column":24},"end":{"line":17,"column":72}},"line":17}},"branchMap":{"0":{"loc":{"start":{"line":3,"column":31},"end":{"line":3,"column":45}},"type":"default-arg","locations":[{"start":{"line":3,"column":41},"end":{"line":3,"column":45}}],"line":3}},"s":{"0":3,"1":3,"2":3,"3":2,"4":0,"5":1,"6":0,"7":3,"8":3},"f":{"0":3,"1":3,"2":2,"3":0,"4":1,"5":0},"b":{"0":[3]},"_coverageSchema":"1a1c01bbd47fc00a2c39e90264f33305004495a9","hash":"8c593c61bd633fea5ae31cecbeb043bb93e6f92d"}
,"/Users/pbarricelli/workspace/pessoal/snowy-owl/src/router/index.js": {"path":"/Users/pbarricelli/workspace/pessoal/snowy-owl/src/router/index.js","statementMap":{"0":{"start":{"line":11,"column":0},"end":{"line":11,"column":18}},"1":{"start":{"line":13,"column":15},"end":{"line":74,"column":1}},"2":{"start":{"line":76,"column":15},"end":{"line":78,"column":2}}},"fnMap":{},"branchMap":{},"s":{"0":3,"1":3,"2":3},"f":{},"b":{},"_coverageSchema":"1a1c01bbd47fc00a2c39e90264f33305004495a9","hash":"3de0dabe06b5dd72d0b7d97da3a902b335067369"}
,"/Users/pbarricelli/workspace/pessoal/snowy-owl/src/store/index.js": {"path":"/Users/pbarricelli/workspace/pessoal/snowy-owl/src/store/index.js","statementMap":{"0":{"start":{"line":7,"column":0},"end":{"line":7,"column":14}},"1":{"start":{"line":9,"column":14},"end":{"line":14,"column":2}}},"fnMap":{},"branchMap":{},"s":{"0":3,"1":3},"f":{},"b":{},"_coverageSchema":"1a1c01bbd47fc00a2c39e90264f33305004495a9","hash":"42c75d563cebe7dff326aea26582715597f2ecf0"}
,"/Users/pbarricelli/workspace/pessoal/snowy-owl/src/store/modules/user.js": {"path":"/Users/pbarricelli/workspace/pessoal/snowy-owl/src/store/modules/user.js","statementMap":{"0":{"start":{"line":1,"column":14},"end":{"line":6,"column":2}},"1":{"start":{"line":1,"column":21},"end":{"line":6,"column":1}},"2":{"start":{"line":8,"column":16},"end":{"line":21,"column":1}},"3":{"start":{"line":10,"column":8},"end":{"line":10,"column":26}},"4":{"start":{"line":13,"column":8},"end":{"line":13,"column":29}},"5":{"start":{"line":16,"column":8},"end":{"line":16,"column":31}},"6":{"start":{"line":19,"column":8},"end":{"line":19,"column":34}},"7":{"start":{"line":24,"column":16},"end":{"line":35,"column":1}},"8":{"start":{"line":26,"column":8},"end":{"line":26,"column":25}},"9":{"start":{"line":27,"column":8},"end":{"line":27,"column":38}},"10":{"start":{"line":28,"column":8},"end":{"line":28,"column":44}},"11":{"start":{"line":29,"column":8},"end":{"line":29,"column":47}},"12":{"start":{"line":30,"column":8},"end":{"line":30,"column":54}},"13":{"start":{"line":33,"column":8},"end":{"line":33,"column":33}},"14":{"start":{"line":38,"column":18},"end":{"line":61,"column":1}},"15":{"start":{"line":40,"column":8},"end":{"line":40,"column":38}},"16":{"start":{"line":41,"column":8},"end":{"line":41,"column":27}},"17":{"start":{"line":44,"column":8},"end":{"line":44,"column":44}},"18":{"start":{"line":45,"column":8},"end":{"line":45,"column":33}},"19":{"start":{"line":48,"column":8},"end":{"line":48,"column":47}},"20":{"start":{"line":49,"column":8},"end":{"line":49,"column":36}},"21":{"start":{"line":52,"column":8},"end":{"line":52,"column":54}},"22":{"start":{"line":53,"column":8},"end":{"line":53,"column":43}},"23":{"start":{"line":56,"column":8},"end":{"line":56,"column":24}},"24":{"start":{"line":57,"column":8},"end":{"line":57,"column":27}},"25":{"start":{"line":58,"column":8},"end":{"line":58,"column":35}},"26":{"start":{"line":59,"column":8},"end":{"line":59,"column":29}}},"fnMap":{"0":{"name":"(anonymous_0)","decl":{"start":{"line":1,"column":14},"end":{"line":1,"column":15}},"loc":{"start":{"line":1,"column":21},"end":{"line":6,"column":1}},"line":1},"1":{"name":"(anonymous_1)","decl":{"start":{"line":9,"column":15},"end":{"line":9,"column":16}},"loc":{"start":{"line":9,"column":26},"end":{"line":11,"column":5}},"line":9},"2":{"name":"(anonymous_2)","decl":{"start":{"line":12,"column":14},"end":{"line":12,"column":15}},"loc":{"start":{"line":12,"column":25},"end":{"line":14,"column":5}},"line":12},"3":{"name":"(anonymous_3)","decl":{"start":{"line":15,"column":17},"end":{"line":15,"column":18}},"loc":{"start":{"line":15,"column":28},"end":{"line":17,"column":5}},"line":15},"4":{"name":"(anonymous_4)","decl":{"start":{"line":18,"column":21},"end":{"line":18,"column":22}},"loc":{"start":{"line":18,"column":32},"end":{"line":20,"column":5}},"line":18},"5":{"name":"(anonymous_5)","decl":{"start":{"line":25,"column":4},"end":{"line":25,"column":5}},"loc":{"start":{"line":25,"column":32},"end":{"line":31,"column":5}},"line":25},"6":{"name":"(anonymous_6)","decl":{"start":{"line":32,"column":4},"end":{"line":32,"column":5}},"loc":{"start":{"line":32,"column":28},"end":{"line":34,"column":5}},"line":32},"7":{"name":"(anonymous_7)","decl":{"start":{"line":39,"column":4},"end":{"line":39,"column":5}},"loc":{"start":{"line":39,"column":28},"end":{"line":42,"column":5}},"line":39},"8":{"name":"(anonymous_8)","decl":{"start":{"line":43,"column":4},"end":{"line":43,"column":5}},"loc":{"start":{"line":43,"column":34},"end":{"line":46,"column":5}},"line":43},"9":{"name":"(anonymous_9)","decl":{"start":{"line":47,"column":4},"end":{"line":47,"column":5}},"loc":{"start":{"line":47,"column":36},"end":{"line":50,"column":5}},"line":47},"10":{"name":"(anonymous_10)","decl":{"start":{"line":51,"column":4},"end":{"line":51,"column":5}},"loc":{"start":{"line":51,"column":44},"end":{"line":54,"column":5}},"line":51},"11":{"name":"(anonymous_11)","decl":{"start":{"line":55,"column":4},"end":{"line":55,"column":5}},"loc":{"start":{"line":55,"column":27},"end":{"line":60,"column":5}},"line":55}},"branchMap":{},"s":{"0":3,"1":3,"2":3,"3":0,"4":0,"5":0,"6":5,"7":3,"8":2,"9":2,"10":2,"11":2,"12":2,"13":0,"14":3,"15":2,"16":2,"17":2,"18":2,"19":2,"20":2,"21":2,"22":2,"23":0,"24":0,"25":0,"26":0},"f":{"0":3,"1":0,"2":0,"3":0,"4":5,"5":2,"6":0,"7":2,"8":2,"9":2,"10":2,"11":0},"b":{},"_coverageSchema":"1a1c01bbd47fc00a2c39e90264f33305004495a9","hash":"24f0c67bcb1148ea35ffc19e96e605d7bd8258b2"}
}
